<?xml version="1.0" encoding="UTF-8"?>
<!-- Generated by org.testng.reporters.JUnitXMLReporter -->
<testsuite ignored="0" hostname="BarkZion" failures="0" tests="3" name="Default test" time="39.941" errors="0" timestamp="2020-08-18T00:29:31 PDT">
  <testcase classname="com.amazon.qa.testcases.LoginPageTest" name="loginPageTitleTest" time="0.018"/>
  <testcase classname="com.amazon.qa.testcases.LoginPageTest" name="AmazonLogoImageTest" time="0.258"/>
  <testcase classname="com.amazon.qa.testcases.LoginPageTest" name="loginTest" time="2.641"/>
</testsuite> <!-- Default test -->
