<?xml version="1.0" encoding="UTF-8"?>
<testng-results ignored="0" total="3" passed="3" failed="0" skipped="0">
  <reporter-output>
  </reporter-output>
  <suite started-at="2020-08-18T00:28:51 PDT" name="Default suite" finished-at="2020-08-18T00:29:31 PDT" duration-ms="39941">
    <groups>
    </groups>
    <test started-at="2020-08-18T00:28:51 PDT" name="Default test" finished-at="2020-08-18T00:29:31 PDT" duration-ms="39941">
      <class name="com.amazon.qa.testcases.LoginPageTest">
        <test-method is-config="true" signature="setUp()[pri:0, instance:com.amazon.qa.testcases.LoginPageTest@77167fb7]" started-at="2020-08-18T00:28:51 PDT" name="setUp" finished-at="2020-08-18T00:29:03 PDT" duration-ms="12618" status="PASS">
          <reporter-output>
          </reporter-output>
        </test-method> <!-- setUp -->
        <test-method signature="loginPageTitleTest()[pri:1, instance:com.amazon.qa.testcases.LoginPageTest@77167fb7]" started-at="2020-08-18T00:29:03 PDT" name="loginPageTitleTest" finished-at="2020-08-18T00:29:03 PDT" duration-ms="18" status="PASS">
          <reporter-output>
          </reporter-output>
        </test-method> <!-- loginPageTitleTest -->
        <test-method is-config="true" signature="tearDown()[pri:0, instance:com.amazon.qa.testcases.LoginPageTest@77167fb7]" started-at="2020-08-18T00:29:03 PDT" name="tearDown" finished-at="2020-08-18T00:29:04 PDT" duration-ms="696" status="PASS">
          <reporter-output>
          </reporter-output>
        </test-method> <!-- tearDown -->
        <test-method is-config="true" signature="setUp()[pri:0, instance:com.amazon.qa.testcases.LoginPageTest@77167fb7]" started-at="2020-08-18T00:29:04 PDT" name="setUp" finished-at="2020-08-18T00:29:15 PDT" duration-ms="11112" status="PASS">
          <reporter-output>
          </reporter-output>
        </test-method> <!-- setUp -->
        <test-method signature="AmazonLogoImageTest()[pri:2, instance:com.amazon.qa.testcases.LoginPageTest@77167fb7]" started-at="2020-08-18T00:29:15 PDT" name="AmazonLogoImageTest" finished-at="2020-08-18T00:29:15 PDT" duration-ms="258" status="PASS">
          <reporter-output>
          </reporter-output>
        </test-method> <!-- AmazonLogoImageTest -->
        <test-method is-config="true" signature="tearDown()[pri:0, instance:com.amazon.qa.testcases.LoginPageTest@77167fb7]" started-at="2020-08-18T00:29:15 PDT" name="tearDown" finished-at="2020-08-18T00:29:16 PDT" duration-ms="719" status="PASS">
          <reporter-output>
          </reporter-output>
        </test-method> <!-- tearDown -->
        <test-method is-config="true" signature="setUp()[pri:0, instance:com.amazon.qa.testcases.LoginPageTest@77167fb7]" started-at="2020-08-18T00:29:16 PDT" name="setUp" finished-at="2020-08-18T00:29:27 PDT" duration-ms="11103" status="PASS">
          <reporter-output>
          </reporter-output>
        </test-method> <!-- setUp -->
        <test-method signature="loginTest()[pri:3, instance:com.amazon.qa.testcases.LoginPageTest@77167fb7]" started-at="2020-08-18T00:29:27 PDT" name="loginTest" finished-at="2020-08-18T00:29:30 PDT" duration-ms="2641" status="PASS">
          <reporter-output>
          </reporter-output>
        </test-method> <!-- loginTest -->
        <test-method is-config="true" signature="tearDown()[pri:0, instance:com.amazon.qa.testcases.LoginPageTest@77167fb7]" started-at="2020-08-18T00:29:30 PDT" name="tearDown" finished-at="2020-08-18T00:29:31 PDT" duration-ms="726" status="PASS">
          <reporter-output>
          </reporter-output>
        </test-method> <!-- tearDown -->
      </class> <!-- com.amazon.qa.testcases.LoginPageTest -->
    </test> <!-- Default test -->
  </suite> <!-- Default suite -->
</testng-results>
